21:36:37.971 | V |                       | HandleShellCompletion.OnBuildCreated (200)
21:36:37.984 | V |                       | ArgumentsFromParametersFile.OnBuildCreated (150)
21:36:38.085 | V |                       | Passing Solution for member null ...
21:36:38.091 | V |                       | InjectParameterValues.OnBuildCreated (100)
21:36:38.110 | V |                       | GenerateBuildServerConfigurations.OnBuildCreated (50)
21:36:38.110 | V |                       | InvokeBuildServerConfigurationGeneration.OnBuildCreated (45)
21:36:38.150 | V |                       | UpdateNotification.OnBuildCreated (10)
21:36:38.150 | V |                       | UnsetVisualStudioEnvironmentVariables.OnBuildCreated (0)
21:36:38.151 | V |                       | HandleVisualStudioDebugging.OnBuildCreated (0)
21:36:38.151 | V |                       | EventInvoker.OnBuildCreated (-3.4028235E+38)
21:36:38.191 | V |                       | HandleHelpRequests.OnBuildInitialized (5)
21:36:38.191 | V |                       | CheckBuildProjectConfigurations.OnBuildInitialized (0)
21:36:38.193 | V |                       | Telemetry.OnBuildInitialized (0)
21:36:38.483 | V |                       | InjectNonParameterValues.OnBuildInitialized (-100)
21:36:38.484 | V |                       | EventInvoker.OnBuildInitialized (-3.4028235E+38)
21:36:38.533 | V |               Install | EventInvoker.OnTargetRunning (-3.4028235E+38)
21:36:38.655 | I |               Install | vc-package.json is not exists.
21:36:38.666 | I |               Install | Looking for the platform release
21:36:39.984 | I |               Install | Add group: commerce
21:36:40.002 | V |               Install | Telemetry.OnTargetSucceeded (0)
21:36:40.002 | V |               Install | EventInvoker.OnTargetSucceeded (-3.4028235E+38)
21:36:40.051 | V |       InstallPlatform | EventInvoker.OnTargetRunning (-3.4028235E+38)
21:36:40.053 | I |       InstallPlatform | Installing platform 3.204.0
21:36:42.989 | I |       InstallPlatform | Uncompressing platform.zip to C:\Users\n.bulatov\VirtoCommerce\vc-platform ...
21:36:43.024 | I |       InstallPlatform | Creating directory C:\Users\n.bulatov\VirtoCommerce\vc-platform\azure-func...
21:36:43.028 | I |       InstallPlatform | Creating directory C:\Users\n.bulatov\VirtoCommerce\vc-platform\ca...
21:36:43.032 | I |       InstallPlatform | Creating directory C:\Users\n.bulatov\VirtoCommerce\vc-platform\certificates...
21:36:43.042 | I |       InstallPlatform | Creating directory C:\Users\n.bulatov\VirtoCommerce\vc-platform\es...
21:36:43.047 | I |       InstallPlatform | Creating directory C:\Users\n.bulatov\VirtoCommerce\vc-platform\fa...
21:36:43.058 | I |       InstallPlatform | Creating directory C:\Users\n.bulatov\VirtoCommerce\vc-platform\fr...
21:36:43.106 | I |       InstallPlatform | Creating directory C:\Users\n.bulatov\VirtoCommerce\vc-platform\localization\common...
21:36:43.465 | I |       InstallPlatform | Creating directory C:\Users\n.bulatov\VirtoCommerce\vc-platform\nl...
21:36:43.631 | I |       InstallPlatform | Creating directory C:\Users\n.bulatov\VirtoCommerce\vc-platform\pt-BR...
21:36:43.750 | I |       InstallPlatform | Creating directory C:\Users\n.bulatov\VirtoCommerce\vc-platform\pt-PT...
21:36:43.775 | I |       InstallPlatform | Creating directory C:\Users\n.bulatov\VirtoCommerce\vc-platform\pt...
21:36:43.819 | I |       InstallPlatform | Creating directory C:\Users\n.bulatov\VirtoCommerce\vc-platform\runtimes\linux-arm\native...
21:36:43.855 | I |       InstallPlatform | Creating directory C:\Users\n.bulatov\VirtoCommerce\vc-platform\runtimes\linux-arm64\native...
21:36:43.962 | I |       InstallPlatform | Creating directory C:\Users\n.bulatov\VirtoCommerce\vc-platform\runtimes\linux-armel\native...
21:36:44.026 | I |       InstallPlatform | Creating directory C:\Users\n.bulatov\VirtoCommerce\vc-platform\runtimes\linux-x64\native...
21:36:44.035 | I |       InstallPlatform | Creating directory C:\Users\n.bulatov\VirtoCommerce\vc-platform\runtimes\osx\native...
21:36:44.045 | I |       InstallPlatform | Creating directory C:\Users\n.bulatov\VirtoCommerce\vc-platform\runtimes\unix\lib\netcoreapp3.0...
21:36:44.053 | I |       InstallPlatform | Creating directory C:\Users\n.bulatov\VirtoCommerce\vc-platform\runtimes\unix\lib\netcoreapp3.1...
21:36:44.070 | I |       InstallPlatform | Creating directory C:\Users\n.bulatov\VirtoCommerce\vc-platform\runtimes\unix\lib\netstandard2.0...
21:36:44.082 | I |       InstallPlatform | Creating directory C:\Users\n.bulatov\VirtoCommerce\vc-platform\runtimes\win-arm\native...
21:36:44.098 | I |       InstallPlatform | Creating directory C:\Users\n.bulatov\VirtoCommerce\vc-platform\runtimes\win-arm64\native...
21:36:44.117 | I |       InstallPlatform | Creating directory C:\Users\n.bulatov\VirtoCommerce\vc-platform\runtimes\win-x64\native...
21:36:44.147 | I |       InstallPlatform | Creating directory C:\Users\n.bulatov\VirtoCommerce\vc-platform\runtimes\win-x86\native...
21:36:44.176 | I |       InstallPlatform | Creating directory C:\Users\n.bulatov\VirtoCommerce\vc-platform\runtimes\win\lib\netcoreapp2.0...
21:36:44.198 | I |       InstallPlatform | Creating directory C:\Users\n.bulatov\VirtoCommerce\vc-platform\runtimes\win\lib\netcoreapp3.0...
21:36:44.216 | I |       InstallPlatform | Creating directory C:\Users\n.bulatov\VirtoCommerce\vc-platform\runtimes\win\lib\netcoreapp3.1...
21:36:44.251 | I |       InstallPlatform | Creating directory C:\Users\n.bulatov\VirtoCommerce\vc-platform\runtimes\win\lib\netstandard2.0...
21:36:44.440 | I |       InstallPlatform | Creating directory C:\Users\n.bulatov\VirtoCommerce\vc-platform\wwwroot\css...
21:36:44.498 | I |       InstallPlatform | Creating directory C:\Users\n.bulatov\VirtoCommerce\vc-platform\wwwroot\css\themes\main\fonts\Exo-2-300...
21:36:44.586 | I |       InstallPlatform | Creating directory C:\Users\n.bulatov\VirtoCommerce\vc-platform\wwwroot\css\themes\main\fonts\Exo-2-500...
21:36:44.680 | I |       InstallPlatform | Creating directory C:\Users\n.bulatov\VirtoCommerce\vc-platform\wwwroot\css\themes\main\fonts\Exo-2-600...
21:36:44.698 | I |       InstallPlatform | Creating directory C:\Users\n.bulatov\VirtoCommerce\vc-platform\wwwroot\css\themes\main\fonts\Exo-2-italic...
21:36:44.724 | I |       InstallPlatform | Creating directory C:\Users\n.bulatov\VirtoCommerce\vc-platform\wwwroot\css\themes\main\fonts\Exo-2-regular...
21:36:44.738 | I |       InstallPlatform | Creating directory C:\Users\n.bulatov\VirtoCommerce\vc-platform\wwwroot\css\themes\main\fonts\Roboto-bold...
21:36:44.747 | I |       InstallPlatform | Creating directory C:\Users\n.bulatov\VirtoCommerce\vc-platform\wwwroot\css\themes\main\fonts\Roboto-medium...
21:36:44.753 | I |       InstallPlatform | Creating directory C:\Users\n.bulatov\VirtoCommerce\vc-platform\wwwroot\css\themes\main\fonts\Roboto-regular...
21:36:44.764 | I |       InstallPlatform | Creating directory C:\Users\n.bulatov\VirtoCommerce\vc-platform\wwwroot\css\themes\main\sass...
21:36:44.766 | I |       InstallPlatform | Creating directory C:\Users\n.bulatov\VirtoCommerce\vc-platform\wwwroot\css\themes\main\sass\includes...
21:36:44.774 | I |       InstallPlatform | Creating directory C:\Users\n.bulatov\VirtoCommerce\vc-platform\wwwroot\css\themes\main\sass\modules...
21:36:44.789 | I |       InstallPlatform | Creating directory C:\Users\n.bulatov\VirtoCommerce\vc-platform\wwwroot\dist...
21:36:44.830 | I |       InstallPlatform | Creating directory C:\Users\n.bulatov\VirtoCommerce\vc-platform\wwwroot\dist\fonts...
21:36:44.899 | I |       InstallPlatform | Creating directory C:\Users\n.bulatov\VirtoCommerce\vc-platform\wwwroot\dist\images...
21:36:44.934 | I |       InstallPlatform | Creating directory C:\Users\n.bulatov\VirtoCommerce\vc-platform\wwwroot\images...
21:36:44.945 | I |       InstallPlatform | Creating directory C:\Users\n.bulatov\VirtoCommerce\vc-platform\wwwroot\images\dialogs...
21:36:44.967 | I |       InstallPlatform | Creating directory C:\Users\n.bulatov\VirtoCommerce\vc-platform\wwwroot\images\header...
21:36:44.981 | I |       InstallPlatform | Creating directory C:\Users\n.bulatov\VirtoCommerce\vc-platform\wwwroot\images\layout...
21:36:45.011 | I |       InstallPlatform | Creating directory C:\Users\n.bulatov\VirtoCommerce\vc-platform\wwwroot\images\navbar...
21:36:45.050 | I |       InstallPlatform | Creating directory C:\Users\n.bulatov\VirtoCommerce\vc-platform\wwwroot\js\app...
21:36:45.073 | I |       InstallPlatform | Creating directory C:\Users\n.bulatov\VirtoCommerce\vc-platform\wwwroot\js\app\changeLog\blades...
21:36:45.087 | I |       InstallPlatform | Creating directory C:\Users\n.bulatov\VirtoCommerce\vc-platform\wwwroot\js\app\changeLog\resources...
21:36:45.091 | I |       InstallPlatform | Creating directory C:\Users\n.bulatov\VirtoCommerce\vc-platform\wwwroot\js\app\changeLog\widgets...
21:36:45.095 | I |       InstallPlatform | Creating directory C:\Users\n.bulatov\VirtoCommerce\vc-platform\wwwroot\js\app\dynamicProperties\blades...
21:36:45.117 | I |       InstallPlatform | Creating directory C:\Users\n.bulatov\VirtoCommerce\vc-platform\wwwroot\js\app\dynamicProperties\resources...
21:36:45.129 | I |       InstallPlatform | Creating directory C:\Users\n.bulatov\VirtoCommerce\vc-platform\wwwroot\js\app\dynamicProperties\widgets...
21:36:45.137 | I |       InstallPlatform | Creating directory C:\Users\n.bulatov\VirtoCommerce\vc-platform\wwwroot\js\app\exportImport\blades...
21:36:45.157 | I |       InstallPlatform | Creating directory C:\Users\n.bulatov\VirtoCommerce\vc-platform\wwwroot\js\app\exportImport\notifications...
21:36:45.164 | I |       InstallPlatform | Creating directory C:\Users\n.bulatov\VirtoCommerce\vc-platform\wwwroot\js\app\exportImport\resources...
21:36:45.168 | I |       InstallPlatform | Creating directory C:\Users\n.bulatov\VirtoCommerce\vc-platform\wwwroot\js\app\exportImport\templates...
21:36:45.173 | I |       InstallPlatform | Creating directory C:\Users\n.bulatov\VirtoCommerce\vc-platform\wwwroot\js\app\exportImport\widgets...
21:36:45.179 | I |       InstallPlatform | Creating directory C:\Users\n.bulatov\VirtoCommerce\vc-platform\wwwroot\js\app\jobs\resources...
21:36:45.183 | I |       InstallPlatform | Creating directory C:\Users\n.bulatov\VirtoCommerce\vc-platform\wwwroot\js\app\licensing...
21:36:45.190 | I |       InstallPlatform | Creating directory C:\Users\n.bulatov\VirtoCommerce\vc-platform\wwwroot\js\app\modularity\blades...
21:36:45.203 | I |       InstallPlatform | Creating directory C:\Users\n.bulatov\VirtoCommerce\vc-platform\wwwroot\js\app\modularity\dialogs...
21:36:45.217 | I |       InstallPlatform | Creating directory C:\Users\n.bulatov\VirtoCommerce\vc-platform\wwwroot\js\app\modularity\notifications...
21:36:45.229 | I |       InstallPlatform | Creating directory C:\Users\n.bulatov\VirtoCommerce\vc-platform\wwwroot\js\app\modularity\resources...
21:36:45.233 | I |       InstallPlatform | Creating directory C:\Users\n.bulatov\VirtoCommerce\vc-platform\wwwroot\js\app\modularity\templates...
21:36:45.240 | I |       InstallPlatform | Creating directory C:\Users\n.bulatov\VirtoCommerce\vc-platform\wwwroot\js\app\modularity\wizards\newModule...
21:36:45.247 | I |       InstallPlatform | Creating directory C:\Users\n.bulatov\VirtoCommerce\vc-platform\wwwroot\js\app\navigation\blade...
21:36:45.251 | I |       InstallPlatform | Creating directory C:\Users\n.bulatov\VirtoCommerce\vc-platform\wwwroot\js\app\navigation\breadcrumbs...
21:36:45.257 | I |       InstallPlatform | Creating directory C:\Users\n.bulatov\VirtoCommerce\vc-platform\wwwroot\js\app\navigation\header...
21:36:45.266 | I |       InstallPlatform | Creating directory C:\Users\n.bulatov\VirtoCommerce\vc-platform\wwwroot\js\app\navigation\menu...
21:36:45.275 | I |       InstallPlatform | Creating directory C:\Users\n.bulatov\VirtoCommerce\vc-platform\wwwroot\js\app\navigation\widget...
21:36:45.289 | I |       InstallPlatform | Creating directory C:\Users\n.bulatov\VirtoCommerce\vc-platform\wwwroot\js\app\pushNotifications\blade...
21:36:45.299 | I |       InstallPlatform | Creating directory C:\Users\n.bulatov\VirtoCommerce\vc-platform\wwwroot\js\app\pushNotifications\resources...
21:36:45.315 | I |       InstallPlatform | Creating directory C:\Users\n.bulatov\VirtoCommerce\vc-platform\wwwroot\js\app\security\blades...
21:36:45.329 | I |       InstallPlatform | Creating directory C:\Users\n.bulatov\VirtoCommerce\vc-platform\wwwroot\js\app\security\blades\common...
21:36:45.377 | I |       InstallPlatform | Creating directory C:\Users\n.bulatov\VirtoCommerce\vc-platform\wwwroot\js\app\security\dialogs...
21:36:45.383 | I |       InstallPlatform | Creating directory C:\Users\n.bulatov\VirtoCommerce\vc-platform\wwwroot\js\app\security\directives...
21:36:45.433 | I |       InstallPlatform | Creating directory C:\Users\n.bulatov\VirtoCommerce\vc-platform\wwwroot\js\app\security\login...
21:36:45.444 | I |       InstallPlatform | Creating directory C:\Users\n.bulatov\VirtoCommerce\vc-platform\wwwroot\js\app\security\resources...
21:36:45.450 | I |       InstallPlatform | Creating directory C:\Users\n.bulatov\VirtoCommerce\vc-platform\wwwroot\js\app\security\services...
21:36:45.467 | I |       InstallPlatform | Creating directory C:\Users\n.bulatov\VirtoCommerce\vc-platform\wwwroot\js\app\security\widgets...
21:36:45.481 | I |       InstallPlatform | Creating directory C:\Users\n.bulatov\VirtoCommerce\vc-platform\wwwroot\js\app\security\wizards...
21:36:45.491 | I |       InstallPlatform | Creating directory C:\Users\n.bulatov\VirtoCommerce\vc-platform\wwwroot\js\app\security\wizards\newAccount...
21:36:45.497 | I |       InstallPlatform | Creating directory C:\Users\n.bulatov\VirtoCommerce\vc-platform\wwwroot\js\app\settings\blades...
21:36:45.512 | I |       InstallPlatform | Creating directory C:\Users\n.bulatov\VirtoCommerce\vc-platform\wwwroot\js\app\settings\constants...
21:36:45.523 | I |       InstallPlatform | Creating directory C:\Users\n.bulatov\VirtoCommerce\vc-platform\wwwroot\js\app\settings\resources...
21:36:45.536 | I |       InstallPlatform | Creating directory C:\Users\n.bulatov\VirtoCommerce\vc-platform\wwwroot\js\app\settings\widgets...
21:36:45.542 | I |       InstallPlatform | Creating directory C:\Users\n.bulatov\VirtoCommerce\vc-platform\wwwroot\js\app\setup...
21:36:45.547 | I |       InstallPlatform | Creating directory C:\Users\n.bulatov\VirtoCommerce\vc-platform\wwwroot\js\app\setup\templates...
21:36:45.550 | I |       InstallPlatform | Creating directory C:\Users\n.bulatov\VirtoCommerce\vc-platform\wwwroot\js\app\systemInfo\blades...
21:36:45.559 | I |       InstallPlatform | Creating directory C:\Users\n.bulatov\VirtoCommerce\vc-platform\wwwroot\js\app\systemInfo\resources...
21:36:45.564 | I |       InstallPlatform | Creating directory C:\Users\n.bulatov\VirtoCommerce\vc-platform\wwwroot\js\app\userProfile\blades...
21:36:45.569 | I |       InstallPlatform | Creating directory C:\Users\n.bulatov\VirtoCommerce\vc-platform\wwwroot\js\app\userProfile\resources...
21:36:45.579 | I |       InstallPlatform | Creating directory C:\Users\n.bulatov\VirtoCommerce\vc-platform\wwwroot\js\common\blades...
21:36:45.589 | I |       InstallPlatform | Creating directory C:\Users\n.bulatov\VirtoCommerce\vc-platform\wwwroot\js\common\dialogs...
21:36:45.597 | I |       InstallPlatform | Creating directory C:\Users\n.bulatov\VirtoCommerce\vc-platform\wwwroot\js\common\dialogs\templates...
21:36:45.609 | I |       InstallPlatform | Creating directory C:\Users\n.bulatov\VirtoCommerce\vc-platform\wwwroot\js\common\directives...
21:36:45.640 | I |       InstallPlatform | Creating directory C:\Users\n.bulatov\VirtoCommerce\vc-platform\wwwroot\js\common\icons...
21:36:45.691 | I |       InstallPlatform | Creating directory C:\Users\n.bulatov\VirtoCommerce\vc-platform\wwwroot\js\common\resources...
21:36:45.696 | I |       InstallPlatform | Creating directory C:\Users\n.bulatov\VirtoCommerce\vc-platform\wwwroot\js\common\templates...
21:36:45.707 | I |       InstallPlatform | Creating directory C:\Users\n.bulatov\VirtoCommerce\vc-platform\wwwroot\js\common\templates\ui-grid...
21:36:45.721 | I |       InstallPlatform | Creating directory C:\Users\n.bulatov\VirtoCommerce\vc-platform\wwwroot\js\i18n\angular...
21:36:46.169 | I |       InstallPlatform | Creating directory C:\Users\n.bulatov\VirtoCommerce\vc-platform\wwwroot\js\i18n\resources...
21:36:46.206 | I |       InstallPlatform | Creating directory C:\Users\n.bulatov\VirtoCommerce\vc-platform\wwwroot\Localizations...
21:36:46.264 | I |       InstallPlatform | Creating directory C:\Users\n.bulatov\VirtoCommerce\vc-platform\wwwroot\src\js...
21:36:46.334 | I |       InstallPlatform | Creating directory C:\Users\n.bulatov\VirtoCommerce\vc-platform\wwwroot\swagger...
21:36:46.415 | I |       InstallPlatform | Creating directory C:\Users\n.bulatov\VirtoCommerce\vc-platform\wwwroot\vendor\angular-ui-codemirror...
21:36:46.509 | I |       InstallPlatform | Creating directory C:\Users\n.bulatov\VirtoCommerce\vc-platform\wwwroot\vendor\ng-context-menu...
21:36:46.575 | I |       InstallPlatform | Creating directory C:\Users\n.bulatov\VirtoCommerce\vc-platform\wwwroot\vendor\ng-context-menu\dist...
21:36:46.602 | I |       InstallPlatform | Creating directory C:\Users\n.bulatov\VirtoCommerce\vc-platform\zh-TW...
21:36:46.615 | I |       InstallPlatform | Creating directory C:\Users\n.bulatov\VirtoCommerce\vc-platform\zh...
21:36:46.621 | I |       InstallPlatform | Deleting file C:\Users\n.bulatov\VirtoCommerce\vc-platform\.nuke\temp\platform.zip...
21:36:46.629 | V |       InstallPlatform | Telemetry.OnTargetSucceeded (0)
21:36:46.629 | V |       InstallPlatform | EventInvoker.OnTargetSucceeded (-3.4028235E+38)
21:36:46.641 | V |        InstallModules | EventInvoker.OnTargetRunning (-3.4028235E+38)
21:36:47.126 | I |        InstallModules | Installing 'VirtoCommerce.Core:3.200.0'
21:36:48.093 | I |        InstallModules | Downloading 'https://github.com/VirtoCommerce/vc-module-core/releases/download/3.200.0/VirtoCommerce.Core_3.200.0.zip' 
21:36:49.149 | I |        InstallModules | Successfully installed 'VirtoCommerce.Core:3.200.0'.
21:36:49.149 | I |        InstallModules | Installing 'VirtoCommerce.AzureSearch:3.202.0'
21:36:49.616 | I |        InstallModules | Downloading 'https://github.com/VirtoCommerce/vc-module-azure-search/releases/download/3.202.0/VirtoCommerce.AzureSearch_3.202.0.zip' 
21:36:49.787 | I |        InstallModules | Successfully installed 'VirtoCommerce.AzureSearch:3.202.0'.
21:36:49.787 | I |        InstallModules | Installing 'VirtoCommerce.Cart:3.200.0'
21:36:50.292 | I |        InstallModules | Downloading 'https://github.com/VirtoCommerce/vc-module-cart/releases/download/3.200.0/VirtoCommerce.Cart_3.200.0.zip' 
21:36:50.863 | I |        InstallModules | Successfully installed 'VirtoCommerce.Cart:3.200.0'.
21:36:50.863 | I |        InstallModules | Installing 'VirtoCommerce.Catalog:3.203.0'
21:36:51.562 | I |        InstallModules | Downloading 'https://github.com/VirtoCommerce/vc-module-catalog/releases/download/3.203.0/VirtoCommerce.Catalog_3.203.0.zip' 
21:36:53.045 | I |        InstallModules | Successfully installed 'VirtoCommerce.Catalog:3.203.0'.
21:36:53.045 | I |        InstallModules | Installing 'VirtoCommerce.Content:3.200.0'
21:36:53.545 | I |        InstallModules | Downloading 'https://github.com/VirtoCommerce/vc-module-content/releases/download/3.200.0/VirtoCommerce.Content_3.200.0.zip' 
21:36:54.339 | I |        InstallModules | Successfully installed 'VirtoCommerce.Content:3.200.0'.
21:36:54.341 | I |        InstallModules | Installing 'VirtoCommerce.Customer:3.201.0'
21:36:54.887 | I |        InstallModules | Downloading 'https://github.com/VirtoCommerce/vc-module-customer/releases/download/3.201.0/VirtoCommerce.Customer_3.201.0.zip' 
21:36:56.275 | I |        InstallModules | Successfully installed 'VirtoCommerce.Customer:3.201.0'.
21:36:56.278 | I |        InstallModules | Installing 'VirtoCommerce.ElasticSearch:3.202.0'
21:36:56.792 | I |        InstallModules | Downloading 'https://github.com/VirtoCommerce/vc-module-elastic-search/releases/download/3.202.0/VirtoCommerce.ElasticSearch_3.202.0.zip' 
21:36:59.125 | I |        InstallModules | Successfully installed 'VirtoCommerce.ElasticSearch:3.202.0'.
21:36:59.125 | I |        InstallModules | Installing 'VirtoCommerce.Export:3.200.0'
21:36:59.876 | I |        InstallModules | Downloading 'https://github.com/VirtoCommerce/vc-module-export/releases/download/3.200.0/VirtoCommerce.Export_3.200.0.zip' 
21:37:00.963 | I |        InstallModules | Successfully installed 'VirtoCommerce.Export:3.200.0'.
21:37:00.963 | I |        InstallModules | Installing 'VirtoCommerce.ImageTools:3.200.0'
21:37:01.455 | I |        InstallModules | Downloading 'https://github.com/VirtoCommerce/vc-module-image-tools/releases/download/3.200.0/VirtoCommerce.ImageTools_3.200.0.zip' 
21:37:04.075 | I |        InstallModules | Successfully installed 'VirtoCommerce.ImageTools:3.200.0'.
21:37:04.078 | I |        InstallModules | Installing 'VirtoCommerce.Inventory:3.201.0'
21:37:04.531 | I |        InstallModules | Downloading 'https://github.com/VirtoCommerce/vc-module-inventory/releases/download/3.201.0/VirtoCommerce.Inventory_3.201.0.zip' 
21:37:06.126 | I |        InstallModules | Successfully installed 'VirtoCommerce.Inventory:3.201.0'.
21:37:06.126 | I |        InstallModules | Installing 'VirtoCommerce.LuceneSearch:3.202.0'
21:37:06.594 | I |        InstallModules | Downloading 'https://github.com/VirtoCommerce/vc-module-lucene-search/releases/download/3.202.0/VirtoCommerce.LuceneSearch_3.202.0.zip' 
21:37:09.101 | I |        InstallModules | Successfully installed 'VirtoCommerce.LuceneSearch:3.202.0'.
21:37:09.101 | I |        InstallModules | Installing 'VirtoCommerce.Marketing:3.200.0'
21:37:09.568 | I |        InstallModules | Downloading 'https://github.com/VirtoCommerce/vc-module-marketing/releases/download/3.200.0/VirtoCommerce.Marketing_3.200.0.zip' 
21:37:12.809 | I |        InstallModules | Successfully installed 'VirtoCommerce.Marketing:3.200.0'.
21:37:12.809 | I |        InstallModules | Installing 'VirtoCommerce.Notifications:3.201.0'
21:37:13.356 | I |        InstallModules | Downloading 'https://github.com/VirtoCommerce/vc-module-notification/releases/download/3.201.0/VirtoCommerce.Notifications_3.201.0.zip' 
21:37:15.672 | I |        InstallModules | Successfully installed 'VirtoCommerce.Notifications:3.201.0'.
21:37:15.672 | I |        InstallModules | Installing 'VirtoCommerce.Orders:3.202.0'
21:37:16.196 | I |        InstallModules | Downloading 'https://github.com/VirtoCommerce/vc-module-order/releases/download/3.202.0/VirtoCommerce.Orders_3.202.0.zip' 
21:37:45.249 | I |        InstallModules | Installing 'VirtoCommerce.Payment:3.200.0'
21:37:45.249 | I |        InstallModules | Successfully installed 'VirtoCommerce.Orders:3.202.0'.
21:37:45.688 | I |        InstallModules | Downloading 'https://github.com/VirtoCommerce/vc-module-payment/releases/download/3.200.0/VirtoCommerce.Payment_3.200.0.zip' 
21:37:47.314 | I |        InstallModules | Successfully installed 'VirtoCommerce.Payment:3.200.0'.
21:37:47.314 | I |        InstallModules | Installing 'VirtoCommerce.Pricing:3.202.0'
21:37:48.029 | I |        InstallModules | Downloading 'https://github.com/VirtoCommerce/vc-module-pricing/releases/download/3.202.0/VirtoCommerce.Pricing_3.202.0.zip' 
21:37:50.525 | I |        InstallModules | Successfully installed 'VirtoCommerce.Pricing:3.202.0'.
21:37:50.525 | I |        InstallModules | Installing 'VirtoCommerce.Search:3.202.0'
21:37:50.997 | I |        InstallModules | Downloading 'https://github.com/VirtoCommerce/vc-module-search/releases/download/3.202.0/VirtoCommerce.Search_3.202.0.zip' 
21:37:52.801 | I |        InstallModules | Successfully installed 'VirtoCommerce.Search:3.202.0'.
21:37:52.801 | I |        InstallModules | Installing 'VirtoCommerce.Shipping:3.200.0'
21:37:53.629 | I |        InstallModules | Downloading 'https://github.com/VirtoCommerce/vc-module-shipping/releases/download/3.200.0/VirtoCommerce.Shipping_3.200.0.zip' 
21:37:55.670 | I |        InstallModules | Successfully installed 'VirtoCommerce.Shipping:3.200.0'.
21:37:55.670 | I |        InstallModules | Installing 'VirtoCommerce.Sitemaps:3.200.0'
21:37:56.169 | I |        InstallModules | Downloading 'https://github.com/VirtoCommerce/vc-module-sitemaps/releases/download/3.200.0/VirtoCommerce.Sitemaps_3.200.0.zip' 
21:37:58.721 | I |        InstallModules | Successfully installed 'VirtoCommerce.Sitemaps:3.200.0'.
21:37:58.721 | I |        InstallModules | Installing 'VirtoCommerce.Store:3.201.0'
21:37:59.489 | I |        InstallModules | Downloading 'https://github.com/VirtoCommerce/vc-module-store/releases/download/3.201.0/VirtoCommerce.Store_3.201.0.zip' 
21:38:01.221 | I |        InstallModules | Successfully installed 'VirtoCommerce.Store:3.201.0'.
21:38:01.221 | I |        InstallModules | Installing 'VirtoCommerce.Subscription:3.200.0'
21:38:01.691 | I |        InstallModules | Downloading 'https://github.com/VirtoCommerce/vc-module-subscription/releases/download/3.200.0/VirtoCommerce.Subscription_3.200.0.zip' 
21:38:03.570 | I |        InstallModules | Successfully installed 'VirtoCommerce.Subscription:3.200.0'.
21:38:03.570 | I |        InstallModules | Installing 'VirtoCommerce.Tax:3.200.0'
21:38:04.386 | I |        InstallModules | Downloading 'https://github.com/VirtoCommerce/vc-module-tax/releases/download/3.200.0/VirtoCommerce.Tax_3.200.0.zip' 
21:38:05.906 | I |        InstallModules | Successfully installed 'VirtoCommerce.Tax:3.200.0'.
21:38:05.906 | I |        InstallModules | Installing 'VirtoCommerce.ExperienceApi:3.202.0'
21:38:06.439 | I |        InstallModules | Downloading 'https://github.com/VirtoCommerce/vc-module-experience-api/releases/download/3.202.0/VirtoCommerce.ExperienceApi_3.202.0.zip' 
21:38:09.252 | I |        InstallModules | Successfully installed 'VirtoCommerce.ExperienceApi:3.202.0'.
21:38:09.252 | I |        InstallModules | Installing 'VirtoCommerce.CatalogCsvImportModule:3.200.0'
21:38:09.723 | I |        InstallModules | Downloading 'https://github.com/VirtoCommerce/vc-module-catalog-csv-import/releases/download/3.200.0/VirtoCommerce.CatalogCsvImportModule_3.200.0.zip' 
21:38:12.802 | I |        InstallModules | Successfully installed 'VirtoCommerce.CatalogCsvImportModule:3.200.0'.
21:38:12.805 | I |        InstallModules | Installing 'VirtoCommerce.Assets:3.200.0'
21:38:13.365 | I |        InstallModules | Downloading 'https://github.com/VirtoCommerce/vc-module-assets/releases/download/3.200.0/VirtoCommerce.Assets_3.200.0.zip' 
21:38:17.077 | I |        InstallModules | Successfully installed 'VirtoCommerce.Assets:3.200.0'.
21:38:17.077 | I |        InstallModules | Installing 'VirtoCommerce.AzureBlobAssets:3.200.0'
21:38:17.537 | I |        InstallModules | Downloading 'https://github.com/VirtoCommerce/vc-module-azureblob-assets/releases/download/3.200.0/VirtoCommerce.AzureBlobAssets_3.200.0.zip' 
21:38:20.949 | I |        InstallModules | Successfully installed 'VirtoCommerce.AzureBlobAssets:3.200.0'.
21:38:20.949 | I |        InstallModules | Installing 'VirtoCommerce.FileSystemAssets:3.200.0'
21:38:21.413 | I |        InstallModules | Downloading 'https://github.com/VirtoCommerce/vc-module-filesystem-assets/releases/download/3.200.0/VirtoCommerce.FileSystemAssets_3.200.0.zip' 
21:38:23.236 | I |        InstallModules | Successfully installed 'VirtoCommerce.FileSystemAssets:3.200.0'.
21:38:23.236 | I |        InstallModules | Installing 'VirtoCommerce.ProfileExperienceApiModule:3.200.0'
21:38:23.956 | I |        InstallModules | Downloading 'https://github.com/VirtoCommerce/vc-module-profile-experience-api/releases/download/3.200.0/VirtoCommerce.ProfileExperienceApiModule_3.200.0.zip' 
21:38:28.128 | I |        InstallModules | Successfully installed 'VirtoCommerce.ProfileExperienceApiModule:3.200.0'.
21:38:28.128 | I |        InstallModules | Installing 'VirtoCommerce.BulkActionsModule:3.200.0'
21:38:28.560 | I |        InstallModules | Downloading 'https://github.com/VirtoCommerce/vc-module-bulk-actions/releases/download/3.200.0/VirtoCommerce.BulkActionsModule_3.200.0.zip' 
21:38:31.700 | I |        InstallModules | Successfully installed 'VirtoCommerce.BulkActionsModule:3.200.0'.
21:38:31.964 | I |        InstallModules | Deleting file C:\Users\n.bulatov\VirtoCommerce\vc-platform\modules\VirtoCommerce.Assets\VirtoCommerce.Assets_3.200.0.zip...
21:38:31.972 | I |        InstallModules | Deleting file C:\Users\n.bulatov\VirtoCommerce\vc-platform\modules\VirtoCommerce.AzureBlobAssets\VirtoCommerce.AzureBlobAssets_3.200.0.zip...
21:38:31.977 | I |        InstallModules | Deleting file C:\Users\n.bulatov\VirtoCommerce\vc-platform\modules\VirtoCommerce.AzureSearch\VirtoCommerce.AzureSearch_3.202.0.zip...
21:38:31.984 | I |        InstallModules | Deleting file C:\Users\n.bulatov\VirtoCommerce\vc-platform\modules\VirtoCommerce.BulkActionsModule\VirtoCommerce.BulkActionsModule_3.200.0.zip...
21:38:31.992 | I |        InstallModules | Deleting file C:\Users\n.bulatov\VirtoCommerce\vc-platform\modules\VirtoCommerce.Cart\VirtoCommerce.Cart_3.200.0.zip...
21:38:32.000 | I |        InstallModules | Deleting file C:\Users\n.bulatov\VirtoCommerce\vc-platform\modules\VirtoCommerce.Catalog\VirtoCommerce.Catalog_3.203.0.zip...
21:38:32.008 | I |        InstallModules | Deleting file C:\Users\n.bulatov\VirtoCommerce\vc-platform\modules\VirtoCommerce.CatalogCsvImportModule\VirtoCommerce.CatalogCsvImportModule_3.200.0.zip...
21:38:32.015 | I |        InstallModules | Deleting file C:\Users\n.bulatov\VirtoCommerce\vc-platform\modules\VirtoCommerce.Content\VirtoCommerce.Content_3.200.0.zip...
21:38:32.020 | I |        InstallModules | Deleting file C:\Users\n.bulatov\VirtoCommerce\vc-platform\modules\VirtoCommerce.Core\VirtoCommerce.Core_3.200.0.zip...
21:38:32.025 | I |        InstallModules | Deleting file C:\Users\n.bulatov\VirtoCommerce\vc-platform\modules\VirtoCommerce.Customer\VirtoCommerce.Customer_3.201.0.zip...
21:38:32.032 | I |        InstallModules | Deleting file C:\Users\n.bulatov\VirtoCommerce\vc-platform\modules\VirtoCommerce.ElasticSearch\VirtoCommerce.ElasticSearch_3.202.0.zip...
21:38:32.036 | I |        InstallModules | Deleting file C:\Users\n.bulatov\VirtoCommerce\vc-platform\modules\VirtoCommerce.ExperienceApi\VirtoCommerce.ExperienceApi_3.202.0.zip...
21:38:32.042 | I |        InstallModules | Deleting file C:\Users\n.bulatov\VirtoCommerce\vc-platform\modules\VirtoCommerce.Export\VirtoCommerce.Export_3.200.0.zip...
21:38:32.047 | I |        InstallModules | Deleting file C:\Users\n.bulatov\VirtoCommerce\vc-platform\modules\VirtoCommerce.FileSystemAssets\VirtoCommerce.FileSystemAssets_3.200.0.zip...
21:38:32.053 | I |        InstallModules | Deleting file C:\Users\n.bulatov\VirtoCommerce\vc-platform\modules\VirtoCommerce.ImageTools\VirtoCommerce.ImageTools_3.200.0.zip...
21:38:32.057 | I |        InstallModules | Deleting file C:\Users\n.bulatov\VirtoCommerce\vc-platform\modules\VirtoCommerce.Inventory\VirtoCommerce.Inventory_3.201.0.zip...
21:38:32.064 | I |        InstallModules | Deleting file C:\Users\n.bulatov\VirtoCommerce\vc-platform\modules\VirtoCommerce.LuceneSearch\VirtoCommerce.LuceneSearch_3.202.0.zip...
21:38:32.070 | I |        InstallModules | Deleting file C:\Users\n.bulatov\VirtoCommerce\vc-platform\modules\VirtoCommerce.Marketing\VirtoCommerce.Marketing_3.200.0.zip...
21:38:32.078 | I |        InstallModules | Deleting file C:\Users\n.bulatov\VirtoCommerce\vc-platform\modules\VirtoCommerce.Notifications\VirtoCommerce.Notifications_3.201.0.zip...
21:38:32.084 | I |        InstallModules | Deleting file C:\Users\n.bulatov\VirtoCommerce\vc-platform\modules\VirtoCommerce.Orders\VirtoCommerce.Orders_3.202.0.zip...
21:38:32.095 | I |        InstallModules | Deleting file C:\Users\n.bulatov\VirtoCommerce\vc-platform\modules\VirtoCommerce.Payment\VirtoCommerce.Payment_3.200.0.zip...
21:38:32.098 | I |        InstallModules | Deleting file C:\Users\n.bulatov\VirtoCommerce\vc-platform\modules\VirtoCommerce.Pricing\VirtoCommerce.Pricing_3.202.0.zip...
21:38:32.106 | I |        InstallModules | Deleting file C:\Users\n.bulatov\VirtoCommerce\vc-platform\modules\VirtoCommerce.ProfileExperienceApiModule\VirtoCommerce.ProfileExperienceApiModule_3.200.0.zip...
21:38:32.111 | I |        InstallModules | Deleting file C:\Users\n.bulatov\VirtoCommerce\vc-platform\modules\VirtoCommerce.Search\VirtoCommerce.Search_3.202.0.zip...
21:38:32.115 | I |        InstallModules | Deleting file C:\Users\n.bulatov\VirtoCommerce\vc-platform\modules\VirtoCommerce.Shipping\VirtoCommerce.Shipping_3.200.0.zip...
21:38:32.117 | I |        InstallModules | Deleting file C:\Users\n.bulatov\VirtoCommerce\vc-platform\modules\VirtoCommerce.Sitemaps\VirtoCommerce.Sitemaps_3.200.0.zip...
21:38:32.123 | I |        InstallModules | Deleting file C:\Users\n.bulatov\VirtoCommerce\vc-platform\modules\VirtoCommerce.Store\VirtoCommerce.Store_3.201.0.zip...
21:38:32.131 | I |        InstallModules | Deleting file C:\Users\n.bulatov\VirtoCommerce\vc-platform\modules\VirtoCommerce.Subscription\VirtoCommerce.Subscription_3.200.0.zip...
21:38:32.136 | I |        InstallModules | Deleting file C:\Users\n.bulatov\VirtoCommerce\vc-platform\modules\VirtoCommerce.Tax\VirtoCommerce.Tax_3.200.0.zip...
21:38:37.538 | V |        InstallModules | Telemetry.OnTargetSucceeded (0)
21:38:37.538 | V |        InstallModules | EventInvoker.OnTargetSucceeded (-3.4028235E+38)
21:38:37.561 | V |                       | UpdateNotification.OnBuildFinished (10)
21:38:37.561 | V |                       | SerializeBuildServerState.OnBuildFinished (0)
21:38:37.562 | V |                       | EventInvoker.OnBuildFinished (-3.4028235E+38)
